<?xml version="1.0" encoding="UTF-8"?>
<!-- Generated by org.testng.reporters.JUnitReportReporter -->
<testsuite hostname="ADMIN" name="org.task.login" tests="3" failures="0" timestamp="14 Aug 2021 17:09:50 GMT" time="22.844" errors="0">
  <testcase name="tc1" time="7.130" classname="org.task.login"/>
  <testcase name="tc1" time="10.356" classname="org.task.login"/>
  <testcase name="tc1" time="5.358" classname="org.task.login"/>
</testsuite> <!-- org.task.login -->
