<?xml version="1.0" encoding="UTF-8"?>
<!-- Generated by org.testng.reporters.JUnitReportReporter -->
<testsuite hostname="ADMIN" name="org.task.Concept" tests="5" failures="0" timestamp="14 Aug 2021 14:17:33 GMT" time="0.056" errors="0">
  <testcase name="tc2" time="0.016" classname="org.task.Concept"/>
  <testcase name="tc3" time="0.008" classname="org.task.Concept"/>
  <testcase name="tc4" time="0.000" classname="org.task.Concept"/>
  <testcase name="tc5" time="0.008" classname="org.task.Concept"/>
  <testcase name="tc1" time="0.024" classname="org.task.Concept"/>
</testsuite> <!-- org.task.Concept -->
