<?xml version="1.0" encoding="UTF-8"?>
<!-- Generated by org.testng.reporters.JUnitReportReporter -->
<testsuite hostname="ADMIN" name="org.task.DataDriv" tests="5" failures="0" timestamp="13 Aug 2021 15:38:15 GMT" time="8.465" errors="0">
  <testcase name="tc5" time="0.254" classname="org.task.DataDriv"/>
  <testcase name="tc2" time="1.640" classname="org.task.DataDriv"/>
  <testcase name="tc4" time="0.385" classname="org.task.DataDriv"/>
  <testcase name="tc1" time="5.787" classname="org.task.DataDriv"/>
  <testcase name="tc3" time="0.399" classname="org.task.DataDriv"/>
</testsuite> <!-- org.task.DataDriv -->
